PE.nc
0 (37.8118, -0.784483)
2024-05-10 00:00:00 closest_coord none or different
1 (37.760617, -0.8078)
2024-05-10 00:00:00 closest_coord none or different
2 (37.761783, -0.78355)
2024-05-10 00:00:00 closest_coord none or different
3 (37.748233, -0.749617)
2024-05-10 00:00:00 closest_coord none or different
4 (37.710417, -0.778383)
2024-05-10 00:00:00 closest_coord none or different
5 (37.718, -0.839783)
2024-05-10 00:00:00 closest_coord none or different
6 (37.694517, -0.8104)
2024-05-10 00:00:00 closest_coord none or different
7 (37.666817, -0.809683)
2024-05-10 00:00:00 closest_coord none or different
8 (37.659833, -0.781967)
2024-05-10 00:00:00 closest_coord none or different
9 (37.6518, -0.728883)
2024-05-10 00:00:00 closest_coord none or different
10 (37.68735, -0.783783)
2024-05-10 00:00:00 closest_coord none or different
Clorofila.nc
0 (37.8118, -0.784483)
2024-05-10 00:00:00 closest_coord none or different
1 (37.760617, -0.8078)
2024-05-10 00:00:00 closest_coord none or different
2 (37.761783, -0.78355)
2024-05-10 00:00:00 closest_coord none or different
3 (37.748233, -0.749617)
2024-05-10 00:00:00 closest_coord none or different
4 (37.710417, -0.778383)
2024-05-10 00:00:00 closest_coord none or different
5 (37.718, -0.839783)
2024-05-10 00:00:00 closest_coord none or different
6 (37.694517, -0.8104)
2024-05-10 00:00:00 closest_coord none or different
7 (37.666817, -0.809683)
2024-05-10 00:00:00 closest_coord none or different
8 (37.659833, -0.781967)
2024-05-10 00:00:00 closest_coord none or different
9 (37.6518, -0.728883)
2024-05-10 00:00:00 closest_coord none or different
10 (37.68735, -0.783783)
2024-05-10 00:00:00 closest_coord none or different
Oxigeno.nc
0 (37.8118, -0.784483)
2024-05-10 00:00:00 closest_coord none or different
1 (37.760617, -0.8078)
2024-05-10 00:00:00 closest_coord none or different
2 (37.761783, -0.78355)
2024-05-10 00:00:00 closest_coord none or different
3 (37.748233, -0.749617)
2024-05-10 00:00:00 closest_coord none or different
4 (37.710417, -0.778383)
2024-05-10 00:00:00 closest_coord none or different
5 (37.718, -0.839783)
2024-05-10 00:00:00 closest_coord none or different
6 (37.694517, -0.8104)
2024-05-10 00:00:00 closest_coord none or different
7 (37.666817, -0.809683)
2024-05-10 00:00:00 closest_coord none or different
8 (37.659833, -0.781967)
2024-05-10 00:00:00 closest_coord none or different
9 (37.6518, -0.728883)
2024-05-10 00:00:00 closest_coord none or different
10 (37.68735, -0.783783)
2024-05-10 00:00:00 closest_coord none or different
Temperatura.nc
0 (37.8118, -0.784483)
2024-05-10 00:00:00 closest_coord none or different
1 (37.760617, -0.8078)
2024-05-10 00:00:00 closest_coord none or different
2 (37.761783, -0.78355)
2024-05-10 00:00:00 closest_coord none or different
3 (37.748233, -0.749617)
2024-05-10 00:00:00 closest_coord none or different
4 (37.710417, -0.778383)
2024-05-10 00:00:00 closest_coord none or different
5 (37.718, -0.839783)
2024-05-10 00:00:00 closest_coord none or different
6 (37.694517, -0.8104)
2024-05-10 00:00:00 closest_coord none or different
7 (37.666817, -0.809683)
2024-05-10 00:00:00 closest_coord none or different
8 (37.659833, -0.781967)
2024-05-10 00:00:00 closest_coord none or different
9 (37.6518, -0.728883)
2024-05-10 00:00:00 closest_coord none or different
10 (37.68735, -0.783783)
2024-05-10 00:00:00 closest_coord none or different
CDOM.nc
0 (37.8118, -0.784483)
2024-05-10 00:00:00 closest_coord none or different
1 (37.760617, -0.8078)
2024-05-10 00:00:00 closest_coord none or different
2 (37.761783, -0.78355)
2024-05-10 00:00:00 closest_coord none or different
3 (37.748233, -0.749617)
2024-05-10 00:00:00 closest_coord none or different
4 (37.710417, -0.778383)
2024-05-10 00:00:00 closest_coord none or different
5 (37.718, -0.839783)
2024-05-10 00:00:00 closest_coord none or different
6 (37.694517, -0.8104)
2024-05-10 00:00:00 closest_coord none or different
7 (37.666817, -0.809683)
2024-05-10 00:00:00 closest_coord none or different
8 (37.659833, -0.781967)
2024-05-10 00:00:00 closest_coord none or different
9 (37.6518, -0.728883)
2024-05-10 00:00:00 closest_coord none or different
10 (37.68735, -0.783783)
2024-05-10 00:00:00 closest_coord none or different
Salinidad.nc
0 (37.8118, -0.784483)
2024-05-10 00:00:00 closest_coord none or different
1 (37.760617, -0.8078)
2024-05-10 00:00:00 closest_coord none or different
2 (37.761783, -0.78355)
2024-05-10 00:00:00 closest_coord none or different
3 (37.748233, -0.749617)
2024-05-10 00:00:00 closest_coord none or different
4 (37.710417, -0.778383)
2024-05-10 00:00:00 closest_coord none or different
5 (37.718, -0.839783)
2024-05-10 00:00:00 closest_coord none or different
6 (37.694517, -0.8104)
2024-05-10 00:00:00 closest_coord none or different
7 (37.666817, -0.809683)
2024-05-10 00:00:00 closest_coord none or different
8 (37.659833, -0.781967)
2024-05-10 00:00:00 closest_coord none or different
9 (37.6518, -0.728883)
2024-05-10 00:00:00 closest_coord none or different
10 (37.68735, -0.783783)
2024-05-10 00:00:00 closest_coord none or different
Turbidez.nc
0 (37.8118, -0.784483)
2024-05-10 00:00:00 closest_coord none or different
1 (37.760617, -0.8078)
2024-05-10 00:00:00 closest_coord none or different
2 (37.761783, -0.78355)
2024-05-10 00:00:00 closest_coord none or different
3 (37.748233, -0.749617)
2024-05-10 00:00:00 closest_coord none or different
4 (37.710417, -0.778383)
2024-05-10 00:00:00 closest_coord none or different
5 (37.718, -0.839783)
2024-05-10 00:00:00 closest_coord none or different
6 (37.694517, -0.8104)
2024-05-10 00:00:00 closest_coord none or different
7 (37.666817, -0.809683)
2024-05-10 00:00:00 closest_coord none or different
8 (37.659833, -0.781967)
2024-05-10 00:00:00 closest_coord none or different
9 (37.6518, -0.728883)
2024-05-10 00:00:00 closest_coord none or different
10 (37.68735, -0.783783)
2024-05-10 00:00:00 closest_coord none or different
Transparency.nc
0 (37.8118, -0.784483)
2024-05-10 00:00:00 closest_coord none or different
1 (37.760617, -0.8078)
2024-05-10 00:00:00 closest_coord none or different
2 (37.761783, -0.78355)
2024-05-10 00:00:00 closest_coord none or different
3 (37.748233, -0.749617)
2024-05-10 00:00:00 closest_coord none or different
4 (37.710417, -0.778383)
2024-05-10 00:00:00 closest_coord none or different
5 (37.718, -0.839783)
2024-05-10 00:00:00 closest_coord none or different
6 (37.694517, -0.8104)
2024-05-10 00:00:00 closest_coord none or different
7 (37.666817, -0.809683)
2024-05-10 00:00:00 closest_coord none or different
8 (37.659833, -0.781967)
2024-05-10 00:00:00 closest_coord none or different
9 (37.6518, -0.728883)
2024-05-10 00:00:00 closest_coord none or different
10 (37.68735, -0.783783)
2024-05-10 00:00:00 closest_coord none or different
PE.nc
0 (37.8118, -0.784483)
No new data for CTD 1  ->  PE
1 (37.760617, -0.8078)
No new data for CTD 2  ->  PE
2 (37.761783, -0.78355)
No new data for CTD 3  ->  PE
3 (37.748233, -0.749617)
No new data for CTD 4  ->  PE
4 (37.710417, -0.778383)
No new data for CTD 6  ->  PE
5 (37.718, -0.839783)
No new data for CTD 7  ->  PE
6 (37.694517, -0.8104)
No new data for CTD 8  ->  PE
7 (37.666817, -0.809683)
No new data for CTD 9  ->  PE
8 (37.659833, -0.781967)
No new data for CTD 10  ->  PE
9 (37.6518, -0.728883)
No new data for CTD 11  ->  PE
10 (37.68735, -0.783783)
No new data for CTD 12  ->  PE
Clorofila.nc
0 (37.8118, -0.784483)
No new data for CTD 1  ->  Clorofila
1 (37.760617, -0.8078)
No new data for CTD 2  ->  Clorofila
2 (37.761783, -0.78355)
No new data for CTD 3  ->  Clorofila
3 (37.748233, -0.749617)
No new data for CTD 4  ->  Clorofila
4 (37.710417, -0.778383)
No new data for CTD 6  ->  Clorofila
5 (37.718, -0.839783)
No new data for CTD 7  ->  Clorofila
6 (37.694517, -0.8104)
No new data for CTD 8  ->  Clorofila
7 (37.666817, -0.809683)
No new data for CTD 9  ->  Clorofila
8 (37.659833, -0.781967)
No new data for CTD 10  ->  Clorofila
9 (37.6518, -0.728883)
No new data for CTD 11  ->  Clorofila
10 (37.68735, -0.783783)
No new data for CTD 12  ->  Clorofila
Oxigeno.nc
0 (37.8118, -0.784483)
No new data for CTD 1  ->  Oxigeno
1 (37.760617, -0.8078)
No new data for CTD 2  ->  Oxigeno
2 (37.761783, -0.78355)
No new data for CTD 3  ->  Oxigeno
3 (37.748233, -0.749617)
No new data for CTD 4  ->  Oxigeno
4 (37.710417, -0.778383)
No new data for CTD 6  ->  Oxigeno
5 (37.718, -0.839783)
No new data for CTD 7  ->  Oxigeno
6 (37.694517, -0.8104)
No new data for CTD 8  ->  Oxigeno
7 (37.666817, -0.809683)
No new data for CTD 9  ->  Oxigeno
8 (37.659833, -0.781967)
No new data for CTD 10  ->  Oxigeno
9 (37.6518, -0.728883)
No new data for CTD 11  ->  Oxigeno
10 (37.68735, -0.783783)
No new data for CTD 12  ->  Oxigeno
Temperatura.nc
0 (37.8118, -0.784483)
No new data for CTD 1  ->  Temperatura
1 (37.760617, -0.8078)
No new data for CTD 2  ->  Temperatura
2 (37.761783, -0.78355)
No new data for CTD 3  ->  Temperatura
3 (37.748233, -0.749617)
No new data for CTD 4  ->  Temperatura
4 (37.710417, -0.778383)
No new data for CTD 6  ->  Temperatura
5 (37.718, -0.839783)
No new data for CTD 7  ->  Temperatura
6 (37.694517, -0.8104)
No new data for CTD 8  ->  Temperatura
7 (37.666817, -0.809683)
No new data for CTD 9  ->  Temperatura
8 (37.659833, -0.781967)
No new data for CTD 10  ->  Temperatura
9 (37.6518, -0.728883)
No new data for CTD 11  ->  Temperatura
10 (37.68735, -0.783783)
No new data for CTD 12  ->  Temperatura
CDOM.nc
0 (37.8118, -0.784483)
No new data for CTD 1  ->  CDOM
1 (37.760617, -0.8078)
No new data for CTD 2  ->  CDOM
2 (37.761783, -0.78355)
No new data for CTD 3  ->  CDOM
3 (37.748233, -0.749617)
No new data for CTD 4  ->  CDOM
4 (37.710417, -0.778383)
No new data for CTD 6  ->  CDOM
5 (37.718, -0.839783)
No new data for CTD 7  ->  CDOM
6 (37.694517, -0.8104)
No new data for CTD 8  ->  CDOM
7 (37.666817, -0.809683)
No new data for CTD 9  ->  CDOM
8 (37.659833, -0.781967)
No new data for CTD 10  ->  CDOM
9 (37.6518, -0.728883)
No new data for CTD 11  ->  CDOM
10 (37.68735, -0.783783)
No new data for CTD 12  ->  CDOM
Salinidad.nc
0 (37.8118, -0.784483)
No new data for CTD 1  ->  Salinidad
1 (37.760617, -0.8078)
No new data for CTD 2  ->  Salinidad
2 (37.761783, -0.78355)
No new data for CTD 3  ->  Salinidad
3 (37.748233, -0.749617)
No new data for CTD 4  ->  Salinidad
4 (37.710417, -0.778383)
No new data for CTD 6  ->  Salinidad
5 (37.718, -0.839783)
No new data for CTD 7  ->  Salinidad
6 (37.694517, -0.8104)
No new data for CTD 8  ->  Salinidad
7 (37.666817, -0.809683)
No new data for CTD 9  ->  Salinidad
8 (37.659833, -0.781967)
No new data for CTD 10  ->  Salinidad
9 (37.6518, -0.728883)
No new data for CTD 11  ->  Salinidad
10 (37.68735, -0.783783)
No new data for CTD 12  ->  Salinidad
Turbidez.nc
0 (37.8118, -0.784483)
No new data for CTD 1  ->  Turbidez
1 (37.760617, -0.8078)
No new data for CTD 2  ->  Turbidez
2 (37.761783, -0.78355)
No new data for CTD 3  ->  Turbidez
3 (37.748233, -0.749617)
No new data for CTD 4  ->  Turbidez
4 (37.710417, -0.778383)
No new data for CTD 6  ->  Turbidez
5 (37.718, -0.839783)
No new data for CTD 7  ->  Turbidez
6 (37.694517, -0.8104)
No new data for CTD 8  ->  Turbidez
7 (37.666817, -0.809683)
No new data for CTD 9  ->  Turbidez
8 (37.659833, -0.781967)
No new data for CTD 10  ->  Turbidez
9 (37.6518, -0.728883)
No new data for CTD 11  ->  Turbidez
10 (37.68735, -0.783783)
No new data for CTD 12  ->  Turbidez
Transparency.nc
0 (37.8118, -0.784483)
No new data for CTD 1  ->  Transparency
1 (37.760617, -0.8078)
No new data for CTD 2  ->  Transparency
2 (37.761783, -0.78355)
No new data for CTD 3  ->  Transparency
3 (37.748233, -0.749617)
No new data for CTD 4  ->  Transparency
4 (37.710417, -0.778383)
No new data for CTD 6  ->  Transparency
5 (37.718, -0.839783)
No new data for CTD 7  ->  Transparency
6 (37.694517, -0.8104)
No new data for CTD 8  ->  Transparency
7 (37.666817, -0.809683)
No new data for CTD 9  ->  Transparency
8 (37.659833, -0.781967)
No new data for CTD 10  ->  Transparency
9 (37.6518, -0.728883)
No new data for CTD 11  ->  Transparency
10 (37.68735, -0.783783)
No new data for CTD 12  ->  Transparency
